# JRE version: OpenJDK Runtime Environment Temurin-17.0.8.1+1 (17.0.8.1+1) (build 17.0.8.1+1)
# Java VM: OpenJDK 64-Bit Server VM Temurin-17.0.8.1+1 (17.0.8.1+1, mixed mode, emulated-client, tiered, compressed oops, compressed class ptrs, g1 gc, windows-amd64)
GC Precious Log:
 CPUs: 8 total, 8 available
 Memory: 16082M
 Large Page Support: Disabled
 NUMA Support: Disabled
 Compressed Oops: Enabled (32-bit)
 Heap Region Size: 1M
 Heap Min Capacity: 8M
 Heap Initial Capacity: 252M
 Heap Max Capacity: 1G
 Pre-touch: Disabled
 Parallel Workers: 8
 Concurrent Workers: 2
 Concurrent Refinement Workers: 8
 Periodic GC: Disabled
Heap:
 garbage-first heap   total 78848K, used 30098K [0x00000000c0000000, 0x0000000100000000)
  region size 1024K, 1 young (1024K), 0 survivors (0K)
 Metaspace       used 55845K, committed 56320K, reserved 1114112K
  class space    used 7133K, committed 7360K, reserved 1048576K
GC Heap History (20 events):
Event: 260815.166 GC heap before
{Heap before GC invocations=13975 (full 13944):
 garbage-first heap   total 78848K, used 30098K [0x00000000c0000000, 0x0000000100000000)
  region size 1024K, 1 young (1024K), 0 survivors (0K)
 Metaspace       used 55845K, committed 56320K, reserved 1114112K
  class space    used 7133K, committed 7360K, reserved 1048576K
}
Event: 260815.189 GC heap after
{Heap after GC invocations=13976 (full 13945):
 garbage-first heap   total 78848K, used 30098K [0x00000000c0000000, 0x0000000100000000)
  region size 1024K, 0 young (0K), 0 survivors (0K)
 Metaspace       used 55845K, committed 56320K, reserved 1114112K
  class space    used 7133K, committed 7360K, reserved 1048576K
}
Event: 260825.376 GC heap before
{Heap before GC invocations=13976 (full 13945):
 garbage-first heap   total 78848K, used 30098K [0x00000000c0000000, 0x0000000100000000)
  region size 1024K, 1 young (1024K), 0 survivors (0K)
 Metaspace       used 55845K, committed 56320K, reserved 1114112K
  class space    used 7133K, committed 7360K, reserved 1048576K
}
Event: 260825.401 GC heap after
{Heap after GC invocations=13977 (full 13946):
 garbage-first heap   total 78848K, used 30098K [0x00000000c0000000, 0x0000000100000000)
  region size 1024K, 0 young (0K), 0 survivors (0K)
 Metaspace       used 55845K, committed 56320K, reserved 1114112K
  class space    used 7133K, committed 7360K, reserved 1048576K
}
Event: 260835.587 GC heap before
{Heap before GC invocations=13977 (full 13946):
 garbage-first heap   total 78848K, used 30098K [0x00000000c0000000, 0x0000000100000000)
  region size 1024K, 1 young (1024K), 0 survivors (0K)
 Metaspace       used 55845K, committed 56320K, reserved 1114112K
  class space    used 7133K, committed 7360K, reserved 1048576K
}
Event: 260835.616 GC heap after
{Heap after GC invocations=13978 (full 13947):
 garbage-first heap   total 78848K, used 30098K [0x00000000c0000000, 0x0000000100000000)
  region size 1024K, 0 young (0K), 0 survivors (0K)
 Metaspace       used 55845K, committed 56320K, reserved 1114112K
  class space    used 7133K, committed 7360K, reserved 1048576K
}
Event: 260845.787 GC heap before
{Heap before GC invocations=13978 (full 13947):
 garbage-first heap   total 78848K, used 30098K [0x00000000c0000000, 0x0000000100000000)
  region size 1024K, 1 young (1024K), 0 survivors (0K)
 Metaspace       used 55845K, committed 56320K, reserved 1114112K
  class space    used 7133K, committed 7360K, reserved 1048576K
}
Event: 260845.810 GC heap after
{Heap after GC invocations=13979 (full 13948):
 garbage-first heap   total 78848K, used 30098K [0x00000000c0000000, 0x0000000100000000)
  region size 1024K, 0 young (0K), 0 survivors (0K)
 Metaspace       used 55845K, committed 56320K, reserved 1114112K
  class space    used 7133K, committed 7360K, reserved 1048576K
}
Event: 260856.002 GC heap before
{Heap before GC invocations=13979 (full 13948):
 garbage-first heap   total 78848K, used 30098K [0x00000000c0000000, 0x0000000100000000)
  region size 1024K, 1 young (1024K), 0 survivors (0K)
 Metaspace       used 55845K, committed 56320K, reserved 1114112K
  class space    used 7133K, committed 7360K, reserved 1048576K
}
Event: 260856.027 GC heap after
{Heap after GC invocations=13980 (full 13949):
 garbage-first heap   total 78848K, used 30098K [0x00000000c0000000, 0x0000000100000000)
  region size 1024K, 0 young (0K), 0 survivors (0K)
 Metaspace       used 55845K, committed 56320K, reserved 1114112K
  class space    used 7133K, committed 7360K, reserved 1048576K
}
Event: 260866.192 GC heap before
{Heap before GC invocations=13980 (full 13949):
 garbage-first heap   total 78848K, used 30098K [0x00000000c0000000, 0x0000000100000000)
  region size 1024K, 1 young (1024K), 0 survivors (0K)
 Metaspace       used 55845K, committed 56320K, reserved 1114112K
  class space    used 7133K, committed 7360K, reserved 1048576K
}
Event: 260866.216 GC heap after
{Heap after GC invocations=13981 (full 13950):
 garbage-first heap   total 78848K, used 30098K [0x00000000c0000000, 0x0000000100000000)
  region size 1024K, 0 young (0K), 0 survivors (0K)
 Metaspace       used 55845K, committed 56320K, reserved 1114112K
  class space    used 7133K, committed 7360K, reserved 1048576K
}
Event: 260876.387 GC heap before
{Heap before GC invocations=13981 (full 13950):
 garbage-first heap   total 78848K, used 30098K [0x00000000c0000000, 0x0000000100000000)
  region size 1024K, 1 young (1024K), 0 survivors (0K)
 Metaspace       used 55845K, committed 56320K, reserved 1114112K
  class space    used 7133K, committed 7360K, reserved 1048576K
}
Event: 260876.410 GC heap after
{Heap after GC invocations=13982 (full 13951):
 garbage-first heap   total 78848K, used 30098K [0x00000000c0000000, 0x0000000100000000)
  region size 1024K, 0 young (0K), 0 survivors (0K)
 Metaspace       used 55845K, committed 56320K, reserved 1114112K
  class space    used 7133K, committed 7360K, reserved 1048576K
}
Event: 260886.586 GC heap before
{Heap before GC invocations=13982 (full 13951):
 garbage-first heap   total 78848K, used 30098K [0x00000000c0000000, 0x0000000100000000)
  region size 1024K, 1 young (1024K), 0 survivors (0K)
 Metaspace       used 55845K, committed 56320K, reserved 1114112K
  class space    used 7133K, committed 7360K, reserved 1048576K
}
Event: 260886.609 GC heap after
{Heap after GC invocations=13983 (full 13952):
 garbage-first heap   total 78848K, used 30098K [0x00000000c0000000, 0x0000000100000000)
  region size 1024K, 0 young (0K), 0 survivors (0K)
 Metaspace       used 55845K, committed 56320K, reserved 1114112K
  class space    used 7133K, committed 7360K, reserved 1048576K
}
Event: 260896.794 GC heap before
{Heap before GC invocations=13983 (full 13952):
 garbage-first heap   total 78848K, used 30098K [0x00000000c0000000, 0x0000000100000000)
  region size 1024K, 1 young (1024K), 0 survivors (0K)
 Metaspace       used 55845K, committed 56320K, reserved 1114112K
  class space    used 7133K, committed 7360K, reserved 1048576K
}
Event: 260896.819 GC heap after
{Heap after GC invocations=13984 (full 13953):
 garbage-first heap   total 78848K, used 30098K [0x00000000c0000000, 0x0000000100000000)
  region size 1024K, 0 young (0K), 0 survivors (0K)
 Metaspace       used 55845K, committed 56320K, reserved 1114112K
  class space    used 7133K, committed 7360K, reserved 1048576K
}
Event: 260907.010 GC heap before
{Heap before GC invocations=13984 (full 13953):
 garbage-first heap   total 78848K, used 30098K [0x00000000c0000000, 0x0000000100000000)
  region size 1024K, 1 young (1024K), 0 survivors (0K)
 Metaspace       used 55845K, committed 56320K, reserved 1114112K
  class space    used 7133K, committed 7360K, reserved 1048576K
}
Event: 260907.034 GC heap after
{Heap after GC invocations=13985 (full 13954):
 garbage-first heap   total 78848K, used 30098K [0x00000000c0000000, 0x0000000100000000)
  region size 1024K, 0 young (0K), 0 survivors (0K)
 Metaspace       used 55845K, committed 56320K, reserved 1114112K
  class space    used 7133K, committed 7360K, reserved 1048576K
}

